<?xml version="1.0" encoding="UTF-8"?>
<!-- Generated by org.testng.reporters.JUnitXMLReporter -->
<testsuite ignored="0" hostname="IN-9H42M63" failures="1" tests="1" name="ChromeTest" time="36.808" errors="0" timestamp="2022-08-09T22:41:31 IST">
  <testcase classname="com.estore.testcases.LoginPageTest" name="loginTest" time="18.878">
    <failure type="java.lang.Exception" message="no_such_element:_Unable_to_locate_element:_{&amp;quot;method&amp;quot;:&amp;quot;css_selector&amp;quot;,&amp;quot;selector&amp;quot;:&amp;quot;#email1&amp;quot;}
__(Session_info:_chrome=103.0.5060.114)
For_documentation_on_this_error,_please_visit:_https://www.seleniumhq.org/exceptions/no_such_element.html
Build_info:_version:_&amp;apos;3.141.59&amp;apos;,_revision:_&amp;apos;e82be7d358&amp;apos;,_time:_&amp;apos;2018-11-14T08:17:03&amp;apos;
System_info:_host:_&amp;apos;IN-9H42M63&amp;apos;,_ip:_&amp;apos;192.168.29.63&amp;apos;,_os.name:_&amp;apos;Windows_11&amp;apos;,_os.arch:_&amp;apos;amd64&amp;apos;,_os.version:_&amp;apos;10.0&amp;apos;,_java.version:_&amp;apos;11.0.15.1&amp;apos;
Driver_info:_org.openqa.selenium.chrome.ChromeDriver
Capabilities_{acceptInsecureCerts:_false,_browserName:_chrome,_browserVersion:_103.0.5060.114,_chrome:_{chromedriverVersion:_103.0.5060.53_(a1711811edd7...,_userDataDir:_C:\Users\KANWAL~1\AppData\L...},_goog:chromeOptions:_{debuggerAddress:_localhost:61591},_javascriptEnabled:_true,_networkConnectionEnabled:_false,_pageLoadStrategy:_normal,_platform:_WINDOWS,_platformName:_WINDOWS,_proxy:_Proxy(),_setWindowRect:_true,_strictFileInteractability:_false,_timeouts:_{implicit:_0,_pageLoad:_300000,_script:_30000},_unhandledPromptBehavior:_dismiss_and_notify,_webauthn:extension:credBlob:_true,_webauthn:extension:largeBlob:_true,_webauthn:virtualAuthenticators:_true}
Session_ID:_825b0136c3f2ca7d6c019be8fe63daf6
***_Element_info:_{Using=id,_value=email1}">
      <![CDATA[java.lang.Exception: no_such_element:_Unable_to_locate_element:_{"method":"css_selector","selector":"#email1"}
__(Session_info:_chrome=103.0.5060.114)
For_documentation_on_this_error,_please_visit:_https://www.seleniumhq.org/exceptions/no_such_element.html
Build_info:_version:_'3.141.59',_revision:_'e82be7d358',_time:_'2018-11-14T08:17:03'
System_info:_host:_'IN-9H42M63',_ip:_'192.168.29.63',_os.name:_'Windows_11',_os.arch:_'amd64',_os.version:_'10.0',_java.version:_'11.0.15.1'
Driver_info:_org.openqa.selenium.chrome.ChromeDriver
Capabilities_{acceptInsecureCerts:_false,_browserName:_chrome,_browserVersion:_103.0.5060.114,_chrome:_{chromedriverVersion:_103.0.5060.53_(a1711811edd7...,_userDataDir:_C:\Users\KANWAL~1\AppData\L...},_goog:chromeOptions:_{debuggerAddress:_localhost:61591},_javascriptEnabled:_true,_networkConnectionEnabled:_false,_pageLoadStrategy:_normal,_platform:_WINDOWS,_platformName:_WINDOWS,_proxy:_Proxy(),_setWindowRect:_true,_strictFileInteractability:_false,_timeouts:_{implicit:_0,_pageLoad:_300000,_script:_30000},_unhandledPromptBehavior:_dismiss_and_notify,_webauthn:extension:credBlob:_true,_webauthn:extension:largeBlob:_true,_webauthn:virtualAuthenticators:_true}
Session_ID:_825b0136c3f2ca7d6c019be8fe63daf6
***_Element_info:_{Using=id,_value=email1}
at com.estore.actiondriver.Action.type(Action.java:99)
at com.estore.pageobjects.LoginPage.userLogin(LoginPage.java:38)
at com.estore.testcases.LoginPageTest.loginTest(LoginPageTest.java:28)
at java.base/java.util.ArrayList.forEach(ArrayList.java:1541)
... Removed 27 stack frames]]>
    </failure>
  </testcase> <!-- loginTest -->
</testsuite> <!-- ChromeTest -->
