<?xml version="1.0" encoding="UTF-8"?>
<!-- Generated by org.testng.reporters.JUnitReportReporter -->
<testsuite hostname="IN-9H42M63" failures="0" tests="1" name="com.estore.testcases.EndToEndTest" time="156.255" errors="1" timestamp="2022-06-12T16:23:43 IST" skipped="0">
  <testcase classname="com.estore.testcases.EndToEndTest" name="endToEndTest" time="156.255">
    <error message="timeout:_Timed_out_receiving_message_from_renderer:_40.000
__(Session_info:_chrome=102.0.5005.63)
Build_info:_version:_&#039;3.141.59&#039;,_revision:_&#039;e82be7d358&#039;,_time:_&#039;2018-11-14T08:17:03&#039;
System_info:_host:_&#039;IN-9H42M63&#039;,_ip:_&#039;192.168.43.63&#039;,_os.name:_&#039;Windows_11&#039;,_os.arch:_&#039;amd64&#039;,_os.version:_&#039;10.0&#039;,_java.version:_&#039;18.0.1.1&#039;
Driver_info:_org.openqa.selenium.chrome.ChromeDriver
Capabilities_{acceptInsecureCerts:_false,_browserName:_chrome,_browserVersion:_102.0.5005.63,_chrome:_{chromedriverVersion:_102.0.5005.61_(0e59bcc00cc4...,_userDataDir:_C:\Users\KANWAL~1\AppData\L...},_goog:chromeOptions:_{debuggerAddress:_localhost:61149},_javascriptEnabled:_true,_networkConnectionEnabled:_false,_pageLoadStrategy:_normal,_platform:_WINDOWS,_platformName:_WINDOWS,_proxy:_Proxy(),_setWindowRect:_true,_strictFileInteractability:_false,_timeouts:_{implicit:_0,_pageLoad:_300000,_script:_30000},_unhandledPromptBehavior:_dismiss_and_notify,_webauthn:extension:credBlob:_true,_webauthn:extension:largeBlob:_true,_webauthn:virtualAuthenticators:_true}
Session_ID:_8172e2141b6c901f07ba13764b5765ce" type="java.lang.Exception">
      <![CDATA[java.lang.Exception: timeout:_Timed_out_receiving_message_from_renderer:_40.000
__(Session_info:_chrome=102.0.5005.63)
Build_info:_version:_'3.141.59',_revision:_'e82be7d358',_time:_'2018-11-14T08:17:03'
System_info:_host:_'IN-9H42M63',_ip:_'192.168.43.63',_os.name:_'Windows_11',_os.arch:_'amd64',_os.version:_'10.0',_java.version:_'18.0.1.1'
Driver_info:_org.openqa.selenium.chrome.ChromeDriver
Capabilities_{acceptInsecureCerts:_false,_browserName:_chrome,_browserVersion:_102.0.5005.63,_chrome:_{chromedriverVersion:_102.0.5005.61_(0e59bcc00cc4...,_userDataDir:_C:\Users\KANWAL~1\AppData\L...},_goog:chromeOptions:_{debuggerAddress:_localhost:61149},_javascriptEnabled:_true,_networkConnectionEnabled:_false,_pageLoadStrategy:_normal,_platform:_WINDOWS,_platformName:_WINDOWS,_proxy:_Proxy(),_setWindowRect:_true,_strictFileInteractability:_false,_timeouts:_{implicit:_0,_pageLoad:_300000,_script:_30000},_unhandledPromptBehavior:_dismiss_and_notify,_webauthn:extension:credBlob:_true,_webauthn:extension:largeBlob:_true,_webauthn:virtualAuthenticators:_true}
Session_ID:_8172e2141b6c901f07ba13764b5765ce
at com.estore.actiondriver.Action.click(Action.java:45)
at com.estore.pageobjects.ShippingPage.clickProceedToCheckout(ShippingPage.java:33)
at com.estore.testcases.EndToEndTest.endToEndTest(EndToEndTest.java:62)
at java.base/jdk.internal.reflect.DirectMethodHandleAccessor.invoke(DirectMethodHandleAccessor.java:104)
at java.base/java.lang.reflect.Method.invoke(Method.java:577)
at org.testng.internal.MethodInvocationHelper.invokeMethod(MethodInvocationHelper.java:133)
at org.testng.internal.TestInvoker.invokeMethod(TestInvoker.java:598)
at org.testng.internal.TestInvoker.invokeTestMethod(TestInvoker.java:173)
at org.testng.internal.MethodRunner.runInSequence(MethodRunner.java:46)
at org.testng.internal.TestInvoker$MethodInvocationAgent.invoke(TestInvoker.java:824)
at org.testng.internal.TestInvoker.invokeTestMethods(TestInvoker.java:146)
at org.testng.internal.TestMethodWorker.invokeTestMethods(TestMethodWorker.java:146)
at org.testng.internal.TestMethodWorker.run(TestMethodWorker.java:128)
at java.base/java.util.ArrayList.forEach(ArrayList.java:1511)
at org.testng.TestRunner.privateRun(TestRunner.java:794)
at org.testng.TestRunner.run(TestRunner.java:596)
at org.testng.SuiteRunner.runTest(SuiteRunner.java:377)
at org.testng.SuiteRunner.runSequentially(SuiteRunner.java:371)
at org.testng.SuiteRunner.privateRun(SuiteRunner.java:332)
at org.testng.SuiteRunner.run(SuiteRunner.java:276)
at org.testng.SuiteRunnerWorker.runSuite(SuiteRunnerWorker.java:53)
at org.testng.SuiteRunnerWorker.run(SuiteRunnerWorker.java:96)
at org.testng.TestNG.runSuitesSequentially(TestNG.java:1212)
at org.testng.TestNG.runSuitesLocally(TestNG.java:1134)
at org.testng.TestNG.runSuites(TestNG.java:1063)
at org.testng.TestNG.run(TestNG.java:1031)
at org.testng.remote.AbstractRemoteTestNG.run(AbstractRemoteTestNG.java:115)
at org.testng.remote.RemoteTestNG.initAndRun(RemoteTestNG.java:251)
at org.testng.remote.RemoteTestNG.main(RemoteTestNG.java:77)
]]>
    </error>
  </testcase> <!-- endToEndTest -->
  <system-out/>
</testsuite> <!-- com.estore.testcases.EndToEndTest -->
