<?xml version="1.0" encoding="UTF-8"?>
<!-- Generated by org.testng.reporters.JUnitReportReporter -->
<testsuite hostname="IN-9H42M63" failures="0" tests="1" name="com.estore.testcases.LoginPageTest" time="35.501" errors="1" timestamp="2022-08-09T22:41:32 IST" skipped="0">
  <testcase classname="com.estore.testcases.LoginPageTest" name="loginTest" time="35.501">
    <error message="no_such_element:_Unable_to_locate_element:_{&quot;method&quot;:&quot;css_selector&quot;,&quot;selector&quot;:&quot;#email1&quot;}
__(Session_info:_chrome=103.0.5060.114)
For_documentation_on_this_error,_please_visit:_https://www.seleniumhq.org/exceptions/no_such_element.html
Build_info:_version:_&#039;3.141.59&#039;,_revision:_&#039;e82be7d358&#039;,_time:_&#039;2018-11-14T08:17:03&#039;
System_info:_host:_&#039;IN-9H42M63&#039;,_ip:_&#039;192.168.29.63&#039;,_os.name:_&#039;Windows_11&#039;,_os.arch:_&#039;amd64&#039;,_os.version:_&#039;10.0&#039;,_java.version:_&#039;11.0.15.1&#039;
Driver_info:_org.openqa.selenium.chrome.ChromeDriver
Capabilities_{acceptInsecureCerts:_false,_browserName:_chrome,_browserVersion:_103.0.5060.114,_chrome:_{chromedriverVersion:_103.0.5060.53_(a1711811edd7...,_userDataDir:_C:\Users\KANWAL~1\AppData\L...},_goog:chromeOptions:_{debuggerAddress:_localhost:61591},_javascriptEnabled:_true,_networkConnectionEnabled:_false,_pageLoadStrategy:_normal,_platform:_WINDOWS,_platformName:_WINDOWS,_proxy:_Proxy(),_setWindowRect:_true,_strictFileInteractability:_false,_timeouts:_{implicit:_0,_pageLoad:_300000,_script:_30000},_unhandledPromptBehavior:_dismiss_and_notify,_webauthn:extension:credBlob:_true,_webauthn:extension:largeBlob:_true,_webauthn:virtualAuthenticators:_true}
Session_ID:_825b0136c3f2ca7d6c019be8fe63daf6
***_Element_info:_{Using=id,_value=email1}" type="java.lang.Exception">
      <![CDATA[java.lang.Exception: no_such_element:_Unable_to_locate_element:_{"method":"css_selector","selector":"#email1"}
__(Session_info:_chrome=103.0.5060.114)
For_documentation_on_this_error,_please_visit:_https://www.seleniumhq.org/exceptions/no_such_element.html
Build_info:_version:_'3.141.59',_revision:_'e82be7d358',_time:_'2018-11-14T08:17:03'
System_info:_host:_'IN-9H42M63',_ip:_'192.168.29.63',_os.name:_'Windows_11',_os.arch:_'amd64',_os.version:_'10.0',_java.version:_'11.0.15.1'
Driver_info:_org.openqa.selenium.chrome.ChromeDriver
Capabilities_{acceptInsecureCerts:_false,_browserName:_chrome,_browserVersion:_103.0.5060.114,_chrome:_{chromedriverVersion:_103.0.5060.53_(a1711811edd7...,_userDataDir:_C:\Users\KANWAL~1\AppData\L...},_goog:chromeOptions:_{debuggerAddress:_localhost:61591},_javascriptEnabled:_true,_networkConnectionEnabled:_false,_pageLoadStrategy:_normal,_platform:_WINDOWS,_platformName:_WINDOWS,_proxy:_Proxy(),_setWindowRect:_true,_strictFileInteractability:_false,_timeouts:_{implicit:_0,_pageLoad:_300000,_script:_30000},_unhandledPromptBehavior:_dismiss_and_notify,_webauthn:extension:credBlob:_true,_webauthn:extension:largeBlob:_true,_webauthn:virtualAuthenticators:_true}
Session_ID:_825b0136c3f2ca7d6c019be8fe63daf6
***_Element_info:_{Using=id,_value=email1}
at com.estore.actiondriver.Action.type(Action.java:99)
at com.estore.pageobjects.LoginPage.userLogin(LoginPage.java:38)
at com.estore.testcases.LoginPageTest.loginTest(LoginPageTest.java:28)
at java.base/jdk.internal.reflect.NativeMethodAccessorImpl.invoke0(Native Method)
at java.base/jdk.internal.reflect.NativeMethodAccessorImpl.invoke(NativeMethodAccessorImpl.java:62)
at java.base/jdk.internal.reflect.DelegatingMethodAccessorImpl.invoke(DelegatingMethodAccessorImpl.java:43)
at java.base/java.lang.reflect.Method.invoke(Method.java:566)
at org.testng.internal.MethodInvocationHelper.invokeMethod(MethodInvocationHelper.java:133)
at org.testng.internal.TestInvoker.invokeMethod(TestInvoker.java:598)
at org.testng.internal.TestInvoker.invokeTestMethod(TestInvoker.java:173)
at org.testng.internal.MethodRunner.runInSequence(MethodRunner.java:46)
at org.testng.internal.TestInvoker$MethodInvocationAgent.invoke(TestInvoker.java:824)
at org.testng.internal.TestInvoker.invokeTestMethods(TestInvoker.java:146)
at org.testng.internal.TestMethodWorker.invokeTestMethods(TestMethodWorker.java:146)
at org.testng.internal.TestMethodWorker.run(TestMethodWorker.java:128)
at java.base/java.util.ArrayList.forEach(ArrayList.java:1541)
at org.testng.TestRunner.privateRun(TestRunner.java:794)
at org.testng.TestRunner.run(TestRunner.java:596)
at org.testng.SuiteRunner.runTest(SuiteRunner.java:377)
at org.testng.SuiteRunner.runSequentially(SuiteRunner.java:371)
at org.testng.SuiteRunner.privateRun(SuiteRunner.java:332)
at org.testng.SuiteRunner.run(SuiteRunner.java:276)
at org.testng.SuiteRunnerWorker.runSuite(SuiteRunnerWorker.java:53)
at org.testng.SuiteRunnerWorker.run(SuiteRunnerWorker.java:96)
at org.testng.TestNG.runSuitesSequentially(TestNG.java:1212)
at org.testng.TestNG.runSuitesLocally(TestNG.java:1134)
at org.testng.TestNG.runSuites(TestNG.java:1063)
at org.testng.TestNG.run(TestNG.java:1031)
at org.testng.remote.AbstractRemoteTestNG.run(AbstractRemoteTestNG.java:115)
at org.testng.remote.RemoteTestNG.initAndRun(RemoteTestNG.java:251)
at org.testng.remote.RemoteTestNG.main(RemoteTestNG.java:77)
]]>
    </error>
  </testcase> <!-- loginTest -->
  <system-out/>
</testsuite> <!-- com.estore.testcases.LoginPageTest -->
