<?xml version="1.0" encoding="UTF-8"?>
<!-- Generated by org.testng.reporters.JUnitXMLReporter -->
<testsuite ignored="0" hostname="IN-9H42M63" failures="1" tests="1" name="ChromeTest" time="74.386" errors="0" timestamp="2022-06-12T16:08:16 IST">
  <testcase classname="com.estore.testcases.HomePageTest" name="orderHistoryDetailLabelTest" time="42.633">
    <failure type="java.lang.Exception" message="timeout:_Timed_out_receiving_message_from_renderer:_40.000
__(Session_info:_chrome=102.0.5005.63)
Build_info:_version:_&amp;apos;3.141.59&amp;apos;,_revision:_&amp;apos;e82be7d358&amp;apos;,_time:_&amp;apos;2018-11-14T08:17:03&amp;apos;
System_info:_host:_&amp;apos;IN-9H42M63&amp;apos;,_ip:_&amp;apos;192.168.43.63&amp;apos;,_os.name:_&amp;apos;Windows_11&amp;apos;,_os.arch:_&amp;apos;amd64&amp;apos;,_os.version:_&amp;apos;10.0&amp;apos;,_java.version:_&amp;apos;18.0.1.1&amp;apos;
Driver_info:_org.openqa.selenium.chrome.ChromeDriver
Capabilities_{acceptInsecureCerts:_false,_browserName:_chrome,_browserVersion:_102.0.5005.63,_chrome:_{chromedriverVersion:_102.0.5005.61_(0e59bcc00cc4...,_userDataDir:_C:\Users\KANWAL~1\AppData\L...},_goog:chromeOptions:_{debuggerAddress:_localhost:60525},_javascriptEnabled:_true,_networkConnectionEnabled:_false,_pageLoadStrategy:_normal,_platform:_WINDOWS,_platformName:_WINDOWS,_proxy:_Proxy(),_setWindowRect:_true,_strictFileInteractability:_false,_timeouts:_{implicit:_0,_pageLoad:_300000,_script:_30000},_unhandledPromptBehavior:_dismiss_and_notify,_webauthn:extension:credBlob:_true,_webauthn:extension:largeBlob:_true,_webauthn:virtualAuthenticators:_true}
Session_ID:_c573ac3cff1ff15c85212a93da5b30e7">
      <![CDATA[java.lang.Exception: timeout:_Timed_out_receiving_message_from_renderer:_40.000
__(Session_info:_chrome=102.0.5005.63)
Build_info:_version:_'3.141.59',_revision:_'e82be7d358',_time:_'2018-11-14T08:17:03'
System_info:_host:_'IN-9H42M63',_ip:_'192.168.43.63',_os.name:_'Windows_11',_os.arch:_'amd64',_os.version:_'10.0',_java.version:_'18.0.1.1'
Driver_info:_org.openqa.selenium.chrome.ChromeDriver
Capabilities_{acceptInsecureCerts:_false,_browserName:_chrome,_browserVersion:_102.0.5005.63,_chrome:_{chromedriverVersion:_102.0.5005.61_(0e59bcc00cc4...,_userDataDir:_C:\Users\KANWAL~1\AppData\L...},_goog:chromeOptions:_{debuggerAddress:_localhost:60525},_javascriptEnabled:_true,_networkConnectionEnabled:_false,_pageLoadStrategy:_normal,_platform:_WINDOWS,_platformName:_WINDOWS,_proxy:_Proxy(),_setWindowRect:_true,_strictFileInteractability:_false,_timeouts:_{implicit:_0,_pageLoad:_300000,_script:_30000},_unhandledPromptBehavior:_dismiss_and_notify,_webauthn:extension:credBlob:_true,_webauthn:extension:largeBlob:_true,_webauthn:virtualAuthenticators:_true}
Session_ID:_c573ac3cff1ff15c85212a93da5b30e7
at com.estore.actiondriver.Action.click(Action.java:45)
at com.estore.pageobjects.IndexPage.clickOnSignIn(IndexPage.java:35)
at com.estore.testcases.HomePageTest.orderHistoryDetailLabelTest(HomePageTest.java:30)
at java.base/java.util.ArrayList.forEach(ArrayList.java:1511)
... Removed 25 stack frames]]>
    </failure>
  </testcase> <!-- orderHistoryDetailLabelTest -->
</testsuite> <!-- ChromeTest -->
